{
  "RSpec": {
    "coverage": {
      "/Users/markburns/code/slanger/spec/integration/integration_spec.rb": [
        null,
        1,
        null,
        1,
        null,
        3,
        null,
        1,
        1,
        1,
        2,
        null,
        1,
        null,
        1,
        null,
        null,
        null,
        1,
        1,
        1,
        1,
        1,
        2,
        null,
        null,
        null,
        5,
        null,
        null,
        null
      ],
      "/Users/markburns/code/slanger/spec/integration/presence_channel_spec.rb": [
        null,
        1,
        null,
        1,
        null,
        6,
        null,
        1,
        1,
        1,
        1,
        1,
        2,
        null,
        1,
        null,
        1,
        null,
        null,
        null,
        1,
        null,
        null,
        null,
        1,
        null,
        null,
        null,
        null,
        1,
        1,
        1,
        1,
        2,
        null,
        null,
        null,
        null,
        1,
        null,
        1,
        null,
        null,
        null,
        1,
        null,
        null,
        null,
        1,
        1,
        null,
        null,
        null,
        1,
        1,
        1,
        2,
        null,
        null,
        null,
        null,
        1,
        null,
        1,
        null,
        null,
        null,
        1,
        null,
        null,
        null,
        null,
        null,
        null,
        null,
        1,
        null,
        null,
        null,
        null,
        null,
        1,
        1,
        1,
        3,
        null,
        null,
        null,
        null,
        1,
        null,
        null,
        null,
        1,
        1,
        null,
        null,
        null,
        1,
        null,
        null,
        null,
        1,
        null,
        null,
        null,
        null,
        1,
        null,
        null,
        1,
        null,
        null,
        1,
        null,
        null,
        1,
        1,
        4,
        null,
        null,
        null,
        null,
        1,
        null,
        null,
        1,
        10,
        10,
        null,
        null,
        30,
        null,
        null,
        null,
        null,
        10,
        null,
        null,
        null,
        null,
        2,
        null,
        null,
        null,
        null,
        null,
        5,
        5,
        null,
        null,
        null,
        null,
        null,
        null,
        null
      ],
      "/Users/markburns/code/slanger/spec/integration/private_channel_spec.rb": [
        null,
        1,
        null,
        1,
        null,
        4,
        null,
        1,
        1,
        1,
        1,
        2,
        null,
        1,
        null,
        1,
        null,
        null,
        null,
        1,
        null,
        null,
        null,
        null,
        null,
        null,
        1,
        1,
        1,
        2,
        null,
        1,
        null,
        null,
        null,
        1,
        null,
        null,
        null,
        1,
        null,
        1,
        null,
        null,
        null,
        null,
        null,
        1,
        1,
        1,
        null,
        1,
        1,
        1,
        null,
        1,
        3,
        null,
        1,
        null,
        2,
        null,
        null,
        null,
        1,
        2,
        null,
        1,
        null,
        1,
        null,
        null,
        null,
        null,
        4,
        3,
        null,
        null,
        null,
        null
      ],
      "/Users/markburns/code/slanger/spec/integration/replaced_handler_spec.rb": [
        1,
        1,
        null,
        1,
        1,
        0,
        0,
        null,
        null,
        null,
        1,
        1,
        1,
        null,
        1,
        2,
        1,
        null,
        null,
        null,
        null,
        1,
        null,
        null
      ],
      "/Users/markburns/code/slanger/lib/slanger/handler.rb": [
        null,
        null,
        null,
        1,
        1,
        1,
        1,
        null,
        1,
        1,
        null,
        1,
        1,
        null,
        1,
        0,
        0,
        0,
        0,
        null,
        null,
        null,
        null,
        1,
        0,
        0,
        null,
        0,
        0,
        0,
        0,
        0,
        null,
        null,
        null,
        0,
        null,
        0,
        null,
        null,
        1,
        0,
        null,
        null,
        1,
        0,
        null,
        0,
        0,
        null,
        null,
        1,
        0,
        null,
        null,
        1,
        null,
        1,
        0,
        0,
        null,
        0,
        null,
        null,
        1,
        null,
        1,
        0,
        null,
        null,
        1,
        0,
        null,
        null,
        1,
        0,
        0,
        null,
        null,
        0,
        null,
        null,
        null
      ],
      "/Users/markburns/code/slanger/spec/integration/ssl_spec.rb": [
        1,
        null,
        1,
        1,
        1,
        null,
        null,
        null,
        1,
        null,
        1,
        1,
        1,
        1,
        1,
        null,
        null,
        null
      ]
    },
    "timestamp": 1336941035
  }
}
